Epoch	Iteration	Training Time	Validation Time	Training MNLL	Training Count MSE	Validation MNLL	Validation Profile Pearson	Validation Count Pearson	Validation Count MSE	Saved?
0	0	1.9862313270568848	0.8029079437255859	438.63134765625	15.085031509399414	622.1282958984375	-0.0022316	-0.12833713	9.949596405029297	True
0	100	2.9775137901306152	0.701998233795166	417.7623291015625	1.989936351776123	301.4043884277344	0.05054314	-0.156944	0.7454723119735718	True
0	200	2.826117753982544	0.6825323104858398	408.3088684082031	1.947769045829773	284.9761047363281	0.12618579	-0.15468955	1.0541067123413086	True
0	300	2.8006937503814697	0.6414027214050293	443.822265625	1.7516231536865234	268.3780822753906	0.20007217	-0.078602195	0.6341854333877563	True
0	400	2.7590508460998535	0.6273586750030518	386.37109375	1.4869232177734375	256.6516418457031	0.2353282	0.3035038	0.5908035039901733	True
0	500	2.749081611633301	0.6363403797149658	393.54974365234375	1.2422212362289429	252.8305206298828	0.24715352	0.34602883	0.6414448022842407	True
0	600	2.742572784423828	0.6261565685272217	361.4073486328125	1.8197455406188965	251.69329833984375	0.25273412	0.38802764	0.5338841676712036	True
0	700	2.7360076904296875	0.624342679977417	355.26385498046875	0.9803016185760498	250.06895446777344	0.25651702	0.40308517	0.6211116909980774	True
0	800	2.738372564315796	0.6171867847442627	367.2370910644531	1.0143163204193115	249.9474334716797	0.257717	0.4293122	0.6636896133422852	True
0	900	2.732518434524536	0.618079423904419	411.4366455078125	0.4921965003013611	249.95843505859375	0.26084054	0.436402	0.7125285863876343	False
0	1000	2.7310681343078613	0.6574623584747314	328.5097961425781	1.1213996410369873	250.0588836669922	0.26240054	0.45269835	0.5381127595901489	True
0	1100	2.7763705253601074	0.6156787872314453	359.11932373046875	1.0661845207214355	248.34500122070312	0.26284593	0.45244196	0.7306609153747559	True
0	1200	2.7351338863372803	0.7032036781311035	368.3678894042969	0.7587844133377075	248.85552978515625	0.26349816	0.46835524	0.5260846614837646	False
0	1300	2.814985990524292	0.614814043045044	290.2395935058594	1.2109752893447876	248.49684143066406	0.2648417	0.4789377	0.6990344524383545	False
1	1400	1.9769296646118164	0.6159241199493408	352.3997802734375	1.035778284072876	248.15170288085938	0.26441437	0.47940284	0.8375884294509888	True
1	1500	2.7526278495788574	0.648895263671875	336.72772216796875	0.7215536832809448	248.3773193359375	0.26443708	0.48801363	0.5201706886291504	True
1	1600	2.751077890396118	0.6241540908813477	359.4879150390625	1.698885440826416	247.3556365966797	0.2660415	0.48363855	0.9608982801437378	True
1	1700	2.7996103763580322	0.6306509971618652	343.1173095703125	1.256033182144165	247.24595642089844	0.26710448	0.4940076	0.722558856010437	True
1	1800	2.763012647628784	0.6250877380371094	288.34014892578125	0.8962862491607666	247.42474365234375	0.26714835	0.49192578	0.7497625946998596	False
1	1900	2.791874408721924	0.6225008964538574	363.4067687988281	1.1724436283111572	247.06231689453125	0.26729682	0.50228524	0.5331481695175171	True
1	2000	3.174079179763794	0.8856689929962158	339.89727783203125	0.7436065673828125	247.1885986328125	0.2679112	0.5093988	1.002564787864685	False
1	2100	3.039407253265381	0.619300365447998	339.10931396484375	1.0198969841003418	247.27796936035156	0.2687959	0.512431	0.9872424006462097	False
1	2200	2.7591419219970703	0.6289138793945312	328.28564453125	0.7186905741691589	246.6258087158203	0.2693076	0.5185019	0.7668808102607727	True
1	2300	2.7535665035247803	0.6886045932769775	342.52618408203125	0.8927526473999023	246.94863891601562	0.2691048	0.51950157	0.7426621317863464	False
1	2400	2.8451690673828125	0.7063848972320557	329.7330322265625	0.8645158410072327	246.66160583496094	0.27011457	0.52550244	0.6078328490257263	True
1	2500	2.9073169231414795	0.6065719127655029	374.13653564453125	0.9074658751487732	246.456298828125	0.27061433	0.5320735	0.5941908359527588	True
1	2600	2.7478532791137695	0.8353335857391357	398.52783203125	1.0518395900726318	246.11582946777344	0.27117023	0.5325285	0.8228070139884949	True
2	2700	1.8670463562011719	1.1532599925994873	384.28131103515625	0.7633100152015686	246.40655517578125	0.27087218	0.53484046	0.7688666582107544	False
2	2800	3.343299150466919	0.6894469261169434	396.68218994140625	0.6206231117248535	245.91891479492188	0.27196845	0.5334097	0.8928073048591614	True
2	2900	3.0058584213256836	0.6501870155334473	350.03387451171875	0.6065676212310791	246.37889099121094	0.27209067	0.54108846	0.6065477728843689	False
2	3000	2.765878200531006	0.6162633895874023	324.86126708984375	0.8816636204719543	246.04693603515625	0.27140012	0.5314901	0.845611572265625	False
2	3100	2.7351229190826416	0.6531269550323486	381.65911865234375	0.7183583974838257	245.6884765625	0.2722378	0.54496527	0.9720614552497864	True
2	3200	2.791713237762451	0.6354677677154541	394.0335693359375	1.3443152904510498	246.03724670410156	0.2715744	0.52589285	1.4862184524536133	False
2	3300	2.9571692943573	0.6307175159454346	359.89617919921875	0.503092885017395	245.54067993164062	0.27317357	0.549014	0.9538387060165405	True
2	3400	2.745269298553467	0.995922327041626	323.1845397949219	1.1661018133163452	246.09959411621094	0.27267373	0.5381719	0.8584461212158203	False
2	3500	3.173750877380371	0.6999924182891846	356.6298828125	0.592357873916626	245.67376708984375	0.27284414	0.55668044	0.5908150672912598	True
2	3600	2.835148811340332	0.6371443271636963	394.52764892578125	0.6013808846473694	245.3675079345703	0.27360284	0.5531604	0.8966630697250366	True
2	3700	2.760868787765503	0.6529233455657959	344.54107666015625	1.2479333877563477	245.5056610107422	0.27315813	0.55647874	0.6776423454284668	True
2	3800	2.77880859375	0.6182832717895508	300.843017578125	0.6558725237846375	245.74609375	0.2735406	0.55365276	0.9338237047195435	False
2	3900	2.7384092807769775	0.6229550838470459	328.3544616699219	0.6826878786087036	245.3170928955078	0.27392375	0.5673059	0.9504458904266357	False
3	4000	1.437769889831543	0.6394915580749512	408.82037353515625	0.6848113536834717	245.24087524414062	0.2744405	0.5621091	0.8991612195968628	True
3	4100	2.7645037174224854	0.9012839794158936	351.209228515625	0.6107285022735596	246.48098754882812	0.27447876	0.5628722	1.2124543190002441	False
3	4200	3.0151450634002686	0.6162211894989014	362.95721435546875	1.0917840003967285	245.4943389892578	0.27455965	0.5708374	0.6367969512939453	True
3	4300	2.815023899078369	0.6663730144500732	301.4083251953125	0.760188102722168	245.28941345214844	0.27471012	0.5651443	0.7159063816070557	True
3	4400	2.7940306663513184	0.8138601779937744	419.938232421875	0.6536999940872192	245.21566772460938	0.27432743	0.57061374	0.686166524887085	True
3	4500	2.9462270736694336	0.6183583736419678	392.1702880859375	0.7795658111572266	245.11216735839844	0.2746415	0.5653261	0.6608594655990601	True
3	4600	2.743900775909424	0.6845872402191162	334.3665771484375	1.0427448749542236	245.0469970703125	0.2748438	0.56444484	1.137891173362732	False
3	4700	2.802629232406616	0.6229221820831299	306.0757141113281	0.7933059334754944	244.98880004882812	0.2754243	0.5698467	0.79326331615448	False
3	4800	2.7448291778564453	0.6241044998168945	395.280517578125	0.8959506750106812	244.88192749023438	0.27590743	0.56687987	0.8501625657081604	True
3	4900	2.733320713043213	0.6384339332580566	365.142578125	0.995566189289093	244.7798309326172	0.2757673	0.5672808	1.13808274269104	False
3	5000	2.758805751800537	0.6542158126831055	346.0300598144531	0.6879253387451172	245.1836395263672	0.2757507	0.5798428	0.6596428155899048	False
3	5100	2.76789927482605	0.6284396648406982	315.8563232421875	0.9058097004890442	244.9580841064453	0.27606478	0.5743753	0.7213345766067505	True
3	5200	2.8152270317077637	0.6756491661071777	367.42266845703125	0.7645845413208008	244.71090698242188	0.27642277	0.57666355	1.0433900356292725	False
4	5300	1.148472547531128	0.6350851058959961	371.3868408203125	0.6660223007202148	244.68170166015625	0.27622333	0.5813085	0.815213680267334	True
4	5400	2.7865407466888428	0.615058422088623	390.636962890625	0.9804848432540894	244.92495727539062	0.27590057	0.5834024	0.8670341968536377	False
4	5500	2.724317789077759	0.6550076007843018	340.12091064453125	0.7958551645278931	244.72122192382812	0.27632478	0.56656575	1.0186020135879517	False
4	5600	2.8540515899658203	0.622866153717041	341.8583984375	0.6150939464569092	244.56187438964844	0.27696356	0.57583785	1.2045137882232666	False
4	5700	2.73834490776062	0.645735502243042	294.9921569824219	1.051450252532959	244.9833526611328	0.27672723	0.58664	0.7387977838516235	False
4	5800	2.7768943309783936	0.6326508522033691	366.4505615234375	0.5172079801559448	245.0249786376953	0.27664652	0.57779914	1.2585744857788086	False
4	5900	2.7546465396881104	0.6734542846679688	415.7415466308594	0.68388831615448	244.53854370117188	0.27671626	0.5741396	1.006748080253601	False
4	6000	2.9349400997161865	0.665541410446167	328.4486999511719	0.629788875579834	244.61485290527344	0.27712786	0.5847827	0.9586001038551331	False
4	6100	2.772352457046509	0.6445510387420654	342.15380859375	0.623627781867981	244.36842346191406	0.2775661	0.5837923	0.9101113080978394	True
4	6200	2.7674121856689453	0.719383716583252	351.16595458984375	0.6470537185668945	244.57960510253906	0.27673763	0.5840669	0.8837344646453857	False
4	6300	2.9171597957611084	0.6263315677642822	392.04571533203125	0.48656976222991943	244.37432861328125	0.2775235	0.5841981	0.9736653566360474	False
4	6400	2.8257408142089844	0.65743088722229	319.0889587402344	0.7596602439880371	244.46055603027344	0.27723598	0.5861796	1.0730488300323486	False
4	6500	2.776160717010498	0.6804568767547607	310.5215759277344	0.7749465703964233	244.3170928955078	0.27779615	0.5853417	0.9690530300140381	False
5	6600	0.8870723247528076	0.6557724475860596	367.8520812988281	0.8943721055984497	244.50204467773438	0.2775543	0.5944308	0.6328486800193787	True
5	6700	2.7851719856262207	0.6429848670959473	356.6659240722656	0.912227988243103	244.33351135253906	0.27767473	0.58948356	0.9849715232849121	False
5	6800	2.9356932640075684	0.6867733001708984	351.3411865234375	0.7735536098480225	244.53843688964844	0.277463	0.5934154	0.9227252006530762	False
5	6900	2.801497459411621	0.6883068084716797	330.513427734375	0.9416308999061584	244.5673065185547	0.27694562	0.570283	1.071472406387329	False
5	7000	2.805649995803833	0.6173102855682373	335.7969970703125	0.6749801635742188	244.3379364013672	0.27783352	0.5955583	0.8647230863571167	False
5	7100	2.7679364681243896	0.6361837387084961	360.17535400390625	0.6313928365707397	244.36553955078125	0.27810827	0.5969006	1.2899224758148193	False
5	7200	2.75006365776062	0.63531494140625	333.16912841796875	0.9286216497421265	244.20249938964844	0.27828243	0.58994734	1.521971583366394	False
5	7300	2.77380633354187	0.6368293762207031	349.9166564941406	0.5425886511802673	244.47491455078125	0.27749783	0.5891248	0.6412127614021301	True
5	7400	2.7569165229797363	0.6308102607727051	334.040771484375	0.644164502620697	244.14239501953125	0.2786328	0.59288776	0.9570541381835938	True
5	7500	2.749746084213257	0.6268250942230225	363.1519775390625	0.4448202848434448	244.13705444335938	0.2786225	0.5890893	1.0664305686950684	False
5	7600	2.7391462326049805	0.6453309059143066	351.935791015625	0.7407233715057373	244.236083984375	0.27867267	0.60434103	0.8589726686477661	True
5	7700	2.795366048812866	0.6188111305236816	321.16534423828125	0.6898216605186462	244.35202026367188	0.27866405	0.58954346	1.1770458221435547	False
5	7800	2.732560157775879	0.6200459003448486	326.51177978515625	0.5732553005218506	244.15444946289062	0.27893412	0.59758836	1.0773639678955078	False
6	7900	0.6036951541900635	0.6343677043914795	333.5875549316406	0.5876249074935913	244.274169921875	0.27894986	0.59923947	1.0629668235778809	False
6	8000	2.7434494495391846	0.6175391674041748	337.24835205078125	0.8648449182510376	244.10374450683594	0.2790034	0.6005565	0.8093922138214111	True
6	8100	2.730916976928711	0.626544713973999	344.36151123046875	0.9755880236625671	243.9601287841797	0.27927455	0.5906515	1.0445587635040283	False
6	8200	2.7290000915527344	0.6547141075134277	386.320556640625	1.0011484622955322	244.14642333984375	0.27866825	0.59480995	1.0430121421813965	False
6	8300	2.8387224674224854	0.6396303176879883	314.2449645996094	0.7695006132125854	244.17431640625	0.2784256	0.5971118	0.6122973561286926	True
6	8400	2.756621837615967	0.629143238067627	350.38323974609375	0.5595327615737915	244.2668914794922	0.27880326	0.611554	0.8905749320983887	False
6	8500	2.742891311645508	0.6424896717071533	355.1429443359375	0.6782854795455933	244.22119140625	0.27795464	0.5937941	0.7242951393127441	False
6	8600	2.7634029388427734	0.6271963119506836	366.1252746582031	0.9092038869857788	244.51492309570312	0.27905905	0.5980202	0.8004871606826782	False
6	8700	2.7553844451904297	0.6335756778717041	404.0076599121094	0.5578285455703735	244.09201049804688	0.2789689	0.59504485	0.9605863094329834	False
6	8800	2.8195042610168457	0.651801347732544	350.38665771484375	0.7742156982421875	244.23414611816406	0.27918363	0.59907794	0.7996695637702942	False
6	8900	2.7748448848724365	0.6190519332885742	347.10467529296875	0.8812923431396484	244.22671508789062	0.2784453	0.5871726	1.3416271209716797	False
6	9000	2.738215684890747	0.6748785972595215	334.780517578125	0.8954320549964905	244.04261779785156	0.2798862	0.6084827	0.8435047268867493	False
6	9100	2.790536880493164	0.621751070022583	361.18084716796875	0.6576183438301086	244.02284240722656	0.27902213	0.60426927	0.6142284870147705	True
7	9200	0.32883453369140625	0.6274619102478027	341.8471374511719	0.6132592558860779	244.03582763671875	0.27947497	0.60145295	0.969024658203125	False
7	9300	2.80259370803833	0.7082653045654297	371.95135498046875	0.8146486878395081	243.7738494873047	0.2798242	0.6009066	0.7980344295501709	True
7	9400	2.8436083793640137	0.634087324142456	306.9737854003906	0.9803535342216492	244.0640106201172	0.27915627	0.5922911	1.2479066848754883	False
7	9500	2.7657716274261475	0.6581137180328369	406.4277038574219	0.6440601944923401	243.9406280517578	0.2794945	0.6005031	0.720834493637085	False
7	9600	2.7720141410827637	0.6417369842529297	370.3641662597656	0.676174521446228	243.86744689941406	0.27958998	0.59772	0.8876451253890991	False
7	9700	2.7878353595733643	0.9537510871887207	375.17864990234375	0.6956528425216675	243.8236083984375	0.27994552	0.60024595	1.2629890441894531	False
7	9800	3.0646915435791016	0.6578652858734131	331.7872009277344	0.8843905925750732	244.44351196289062	0.27883774	0.59613353	0.8840827941894531	False
7	9900	2.7950780391693115	0.6145005226135254	305.1029052734375	0.49618732929229736	243.8941192626953	0.27981257	0.59506154	1.3185757398605347	False
7	10000	2.7318806648254395	0.6417922973632812	347.9373779296875	0.5798654556274414	243.82022094726562	0.27949843	0.6040094	0.881415605545044	False
7	10100	2.9491500854492188	0.6211080551147461	347.1654968261719	0.5983198285102844	244.04254150390625	0.27902922	0.60931003	0.721752941608429	False
7	10200	2.735830545425415	0.6220695972442627	417.0304260253906	0.7944310903549194	243.91073608398438	0.27951667	0.5962417	1.202249526977539	False
7	10300	2.7404861450195312	0.6952297687530518	395.7991943359375	0.5390519499778748	243.91859436035156	0.27972504	0.60530996	0.8484193086624146	False
7	10400	2.8287084102630615	0.6170840263366699	346.1243896484375	0.6394754648208618	243.8724365234375	0.28015253	0.6099809	0.9904663562774658	False
7	10500	2.728374719619751	0.684011697769165	352.6280822753906	0.5555355548858643	244.23300170898438	0.27990344	0.6092266	0.9804679155349731	False
8	10600	2.1626453399658203	0.639378547668457	319.7948913574219	0.5178899765014648	244.10195922851562	0.28019652	0.61170506	0.7328068017959595	False
8	10700	2.752629041671753	0.6446590423583984	356.51702880859375	0.8178417086601257	243.984619140625	0.27898353	0.59881186	1.0433580875396729	False
8	10800	2.7607498168945312	0.6421768665313721	324.6661376953125	0.3586914539337158	243.95619201660156	0.27948138	0.6136175	1.0706534385681152	False
8	10900	2.789180278778076	0.6314153671264648	364.08843994140625	0.5899608731269836	243.7617950439453	0.279886	0.6083676	1.0227127075195312	False
8	11000	2.8959617614746094	0.617689847946167	293.5579833984375	1.3480095863342285	244.11669921875	0.27936447	0.5938627	1.2529246807098389	False
8	11100	2.817974805831909	0.6422207355499268	332.06158447265625	0.5646994113922119	244.1057891845703	0.2792683	0.60100925	0.824686586856842	False
8	11200	2.757997751235962	0.6403253078460693	396.3983459472656	0.42367154359817505	243.7809600830078	0.27972654	0.61521983	1.1306204795837402	False
8	11300	2.7847821712493896	0.623197078704834	345.72735595703125	0.723886251449585	243.88040161132812	0.27987516	0.60013086	1.1641737222671509	False
8	11400	2.737586498260498	0.6397867202758789	351.134033203125	0.4539332985877991	243.74740600585938	0.28049543	0.61193055	1.2701423168182373	False
8	11500	2.751547336578369	0.6301615238189697	352.88525390625	0.5927299857139587	243.6487579345703	0.28031734	0.6102748	1.0190179347991943	False
8	11600	2.7390172481536865	0.6366956233978271	389.41815185546875	0.5476759672164917	243.6494140625	0.28051633	0.6171365	0.8956514596939087	True
8	11700	2.7600009441375732	0.6404786109924316	348.5546875	0.6202340126037598	243.68756103515625	0.2804661	0.60922813	0.8458786010742188	True
8	11800	2.7521860599517822	0.6226022243499756	331.68670654296875	0.7703014612197876	243.7837677001953	0.28046036	0.61051345	0.9478322267532349	False
9	11900	1.8813846111297607	0.6569118499755859	358.6458740234375	0.6581829786300659	243.7430877685547	0.28055823	0.59740305	1.1241365671157837	False
9	12000	2.7733516693115234	0.6251704692840576	391.3503723144531	0.6565845012664795	243.8333740234375	0.2802925	0.60769033	1.0952086448669434	False
9	12100	2.7468771934509277	0.6446099281311035	376.9385986328125	0.528624415397644	243.6453399658203	0.28044322	0.6136036	0.9504502415657043	False
9	12200	2.78175687789917	0.6311051845550537	329.8665771484375	0.7170079946517944	243.82644653320312	0.28039667	0.6101949	1.1205565929412842	False
9	12300	2.7687888145446777	0.6312761306762695	346.3785095214844	0.5180736780166626	243.841064453125	0.28051975	0.6093695	1.0194294452667236	False
9	12400	2.763315439224243	0.6410539150238037	345.7156982421875	0.5773690938949585	243.697265625	0.28023958	0.6154375	0.7573009729385376	True
9	12500	2.781036615371704	0.6291699409484863	345.10205078125	0.6463676691055298	243.6766815185547	0.2808711	0.6019617	1.244854211807251	False
9	12600	2.7694315910339355	0.6587643623352051	373.2515869140625	0.5059044361114502	243.5203857421875	0.28091893	0.6141121	0.9664028882980347	False
9	12700	2.8552520275115967	0.6607017517089844	332.05999755859375	0.43311265110969543	243.85342407226562	0.28020427	0.60025495	1.179818868637085	False
9	12800	2.8360586166381836	0.6346042156219482	313.0783996582031	0.8401750922203064	243.79000854492188	0.27996135	0.60188293	0.6382778882980347	True
9	12900	2.77298641204834	0.6185557842254639	383.6863098144531	0.559341549873352	243.59039306640625	0.2809766	0.6076083	0.8053407669067383	True
9	13000	2.742725133895874	0.6172060966491699	311.6644287109375	1.2516251802444458	243.80227661132812	0.28067198	0.59398174	1.5952850580215454	False
9	13100	2.764680862426758	0.6262311935424805	391.3948669433594	0.5395612716674805	243.8678741455078	0.28076977	0.6128824	0.9088612794876099	False
10	13200	1.6278488636016846	0.6305379867553711	304.927734375	0.9240894317626953	243.77943420410156	0.28085703	0.61086726	1.0922595262527466	False
10	13300	2.7849695682525635	0.6324424743652344	374.9593811035156	0.5975217819213867	243.71090698242188	0.28055602	0.60705054	1.1183899641036987	False
10	13400	2.7634103298187256	0.6069951057434082	323.4898681640625	0.7857341170310974	243.5010223388672	0.2810818	0.6052525	1.1576759815216064	False
10	13500	2.7170629501342773	0.6408779621124268	360.03753662109375	0.3913704454898834	243.54742431640625	0.281112	0.61084807	1.1082998514175415	False
10	13600	2.884498119354248	0.6744089126586914	410.35400390625	0.7403100728988647	243.571044921875	0.28110692	0.6159341	0.7928783893585205	True
10	13700	2.9412574768066406	0.6941328048706055	373.357666015625	0.4502909481525421	243.59646606445312	0.28105855	0.6032939	1.3595643043518066	False
10	13800	2.817070245742798	0.9329941272735596	330.78759765625	0.5361142158508301	243.54676818847656	0.28107378	0.6073851	1.2257232666015625	False
10	13900	3.078979015350342	0.638145923614502	303.98095703125	0.9781934022903442	243.65142822265625	0.28078985	0.5960543	1.0228668451309204	False
10	14000	2.7570056915283203	0.6242992877960205	323.6488037109375	0.48762065172195435	243.50140380859375	0.2809772	0.6151278	0.8735178709030151	False
10	14100	2.7428436279296875	0.6214568614959717	396.4268798828125	0.38489603996276855	243.66375732421875	0.2808577	0.6124978	0.9519599080085754	False
10	14200	2.7410011291503906	0.6163346767425537	327.84930419921875	0.6891778111457825	243.55950927734375	0.28143346	0.61132145	1.0736196041107178	False
10	14300	2.777346134185791	0.6388247013092041	386.39068603515625	0.6922701597213745	244.0357208251953	0.28112298	0.610566	0.8818165063858032	False
10	14400	2.758516311645508	0.6300997734069824	297.47259521484375	0.807819128036499	243.76669311523438	0.28044456	0.60294366	0.9892435073852539	False
11	14500	1.4526312351226807	0.6352381706237793	364.3611755371094	0.5023306608200073	243.94371032714844	0.28091317	0.6111909	0.7422703504562378	False
11	14600	2.757693290710449	0.6480200290679932	332.5333251953125	0.6284514665603638	243.38427734375	0.28157392	0.60817146	1.0896060466766357	False
11	14700	2.8123433589935303	0.675525426864624	321.07366943359375	0.522839367389679	243.45973205566406	0.2814398	0.6055953	1.4077422618865967	False
11	14800	2.8301174640655518	0.6657922267913818	353.4604187011719	0.510665774345398	243.54830932617188	0.28121942	0.59676576	0.8714884519577026	False
11	14900	2.7819113731384277	0.6257574558258057	338.4462890625	0.8215817809104919	243.59268188476562	0.28092745	0.6049508	1.0586824417114258	False
11	15000	2.7429025173187256	0.6402571201324463	357.9538879394531	0.6217087507247925	243.57159423828125	0.2812306	0.6045592	1.1678218841552734	False
11	15100	2.7591392993927	0.6263020038604736	344.76806640625	0.8547743558883667	243.49595642089844	0.2813765	0.6072095	0.9876095056533813	False
11	15200	2.758744955062866	0.634852409362793	344.4695129394531	0.49335411190986633	243.58038330078125	0.2808557	0.5993421	1.3032066822052002	False
11	15300	2.7531793117523193	0.6346554756164551	350.912109375	0.6309992671012878	243.447998046875	0.2815044	0.60547805	0.8868683576583862	True
11	15400	2.7692785263061523	0.6399765014648438	346.52105712890625	0.505203366279602	244.0094451904297	0.28148058	0.6095205	0.8512550592422485	False
11	15500	2.755410671234131	0.6319868564605713	336.62176513671875	0.6020417213439941	243.48745727539062	0.28131282	0.62730324	0.7286196947097778	True
11	15600	2.8201467990875244	0.6363365650177002	363.67694091796875	0.5186928510665894	243.48257446289062	0.2811235	0.6083902	0.9150536060333252	False
11	15700	2.753427267074585	0.63541579246521	405.90142822265625	0.3190104365348816	243.40704345703125	0.2814423	0.6140823	1.1043353080749512	False
12	15800	1.0676321983337402	0.6496901512145996	330.437744140625	0.49012988805770874	243.51296997070312	0.28141034	0.62108225	0.8318355083465576	False
12	15900	2.766223907470703	0.6245532035827637	353.31298828125	0.5325623750686646	243.58811950683594	0.28084219	0.5947095	0.9663167595863342	False
12	16000	2.7433664798736572	0.6164922714233398	330.23583984375	0.9816560745239258	243.41543579101562	0.2814864	0.60939777	1.0865622758865356	False
12	16100	2.7376346588134766	0.6291031837463379	398.6793518066406	0.5222392082214355	243.52842712402344	0.28144357	0.61016184	1.0189175605773926	False
12	16200	2.74430775642395	0.6173760890960693	336.0465393066406	0.707554817199707	243.8042755126953	0.2808547	0.6052749	0.8970515131950378	False
12	16300	2.8126702308654785	0.6280105113983154	363.72003173828125	0.5475602149963379	243.81668090820312	0.28072882	0.5980834	0.8396901488304138	False
12	16400	2.7499914169311523	0.635399341583252	338.0401306152344	0.5487735271453857	243.4374237060547	0.2815104	0.61146563	1.1417856216430664	False
12	16500	2.7857468128204346	0.6496012210845947	346.3526916503906	0.48954176902770996	243.55030822753906	0.28130856	0.6046246	0.9293116331100464	False
12	16600	2.764536142349243	0.6428604125976562	369.99163818359375	0.5019879341125488	243.61737060546875	0.2816751	0.6090355	0.9650248289108276	False
12	16700	2.753316640853882	0.8042633533477783	340.69293212890625	0.355385422706604	243.58624267578125	0.2808467	0.60966563	0.7219977974891663	False
12	16800	2.912745475769043	0.6292588710784912	333.0419006347656	0.5529581308364868	243.89053344726562	0.28122434	0.605145	0.9861143827438354	False
12	16900	2.744403600692749	0.6217458248138428	331.19122314453125	0.5538555979728699	243.41600036621094	0.2815996	0.60616505	1.0689821243286133	False
12	17000	2.779710292816162	0.6289236545562744	363.3514709472656	0.6284101009368896	243.77001953125	0.28044882	0.6122366	0.7186018228530884	False
13	17100	0.7991166114807129	0.6650643348693848	353.55853271484375	0.6354079246520996	243.5609588623047	0.28157172	0.6051922	1.3177223205566406	False
13	17200	2.8745479583740234	0.622614860534668	322.73248291015625	0.8698610663414001	243.38796997070312	0.28148836	0.6079414	1.0261156558990479	False
13	17300	2.7413275241851807	0.6754536628723145	356.839111328125	0.6835528612136841	243.3919677734375	0.28163856	0.6142725	1.0715751647949219	False
13	17400	2.799553155899048	0.6383988857269287	351.4542236328125	0.5294705033302307	243.49285888671875	0.28143072	0.60903883	1.0611366033554077	False
13	17500	2.7624568939208984	0.687969446182251	388.26806640625	0.6469050645828247	243.4091033935547	0.2816313	0.5948023	1.1003742218017578	False
13	17600	2.807849168777466	0.6219370365142822	328.28192138671875	0.654444694519043	243.5189971923828	0.28118274	0.6138451	0.7485548257827759	False
13	17700	2.7388269901275635	0.656874418258667	348.7505798339844	0.37057745456695557	243.5019989013672	0.28156826	0.60481286	0.8514537811279297	False
13	17800	2.8018901348114014	0.7222561836242676	332.886962890625	0.5789116621017456	243.610595703125	0.28101984	0.60723335	0.9313526153564453	False
13	17900	2.850313186645508	0.6474640369415283	328.34906005859375	0.7160446643829346	243.5130615234375	0.2811486	0.605308	1.128726601600647	False
13	18000	2.7753775119781494	0.6341643333435059	340.39495849609375	0.5861735939979553	243.42379760742188	0.28161135	0.59813035	1.287062406539917	False
13	18100	2.760308265686035	0.6203310489654541	344.8487854003906	0.4762378931045532	243.75189208984375	0.28092515	0.59404254	1.4418575763702393	False
13	18200	2.7369959354400635	0.6182863712310791	362.52197265625	0.6068249344825745	243.4295196533203	0.2814289	0.60127175	1.2720423936843872	False
13	18300	2.741652727127075	0.6165595054626465	370.00726318359375	0.8320682644844055	243.44427490234375	0.2814021	0.6097902	0.8018746376037598	False
14	18400	0.5144662857055664	0.618842363357544	363.1890869140625	0.6536287069320679	243.29229736328125	0.28196764	0.612333	1.243499994277954	False
14	18500	2.739631414413452	0.6361768245697021	367.9727478027344	0.3785291910171509	243.62527465820312	0.28135592	0.6019063	0.8650939464569092	False
14	18600	2.768617868423462	0.6175434589385986	334.5633239746094	0.4118053913116455	243.60498046875	0.28128165	0.60744977	0.7859519720077515	False
14	18700	2.7415993213653564	0.6310398578643799	320.77880859375	0.8356598615646362	243.8344268798828	0.28193274	0.60871434	1.0581798553466797	False
14	18800	2.7461867332458496	0.6411032676696777	346.0244140625	0.6469860076904297	243.53765869140625	0.28129867	0.6014888	1.09885573387146	False
14	18900	2.753751039505005	0.6270594596862793	310.3464050292969	0.5394295454025269	243.4362030029297	0.28156987	0.61493534	0.7915866374969482	False
14	19000	2.7809579372406006	0.6278932094573975	334.4618835449219	0.5763693451881409	243.4334259033203	0.28181228	0.6004308	1.049709677696228	False
14	19100	2.7471044063568115	0.6237742900848389	385.0055847167969	0.47354358434677124	243.4786834716797	0.28183806	0.61142576	1.119917631149292	False
14	19200	2.7505316734313965	0.6310665607452393	391.8664245605469	1.0612961053848267	243.38265991210938	0.2815836	0.6127018	0.7428252100944519	True
14	19300	2.791762113571167	0.6300060749053955	347.67962646484375	0.6292088031768799	243.34788513183594	0.28170708	0.61084175	1.0356327295303345	False
14	19400	2.7501680850982666	0.6323797702789307	338.85223388671875	0.3459710478782654	243.477294921875	0.28160137	0.60954165	1.0605261325836182	False
14	19500	2.755054235458374	0.6309666633605957	379.7099609375	0.47376731038093567	243.4301300048828	0.2819592	0.61691236	1.04085373878479	False
14	19600	2.7601606845855713	0.6157863140106201	373.60003662109375	0.623751699924469	243.40696716308594	0.28168124	0.6121242	0.9632409811019897	False
15	19700	0.2450258731842041	0.6500604152679443	328.46478271484375	0.5985086560249329	243.50485229492188	0.28144	0.61519456	0.891965925693512	False
15	19800	2.7658538818359375	0.6451773643493652	380.2396545410156	0.7546604871749878	243.48289489746094	0.28135145	0.6070554	0.7570170760154724	False
15	19900	2.7568273544311523	0.6296331882476807	325.6097717285156	0.7106433510780334	243.33164978027344	0.2817157	0.59626615	1.0699522495269775	False
15	20000	2.7534537315368652	0.6334173679351807	353.78375244140625	0.7134193181991577	243.27899169921875	0.2817924	0.6108553	1.0995087623596191	False
15	20100	2.7540087699890137	0.6232068538665771	357.03167724609375	0.4630000591278076	243.3102569580078	0.281847	0.6176081	1.0138366222381592	False
15	20200	2.744854688644409	0.6532869338989258	283.9490661621094	0.6910825371742249	243.56414794921875	0.28083	0.6220467	0.8912785649299622	False
15	20300	2.774169921875	0.6369814872741699	340.4305419921875	0.7991921901702881	243.5963592529297	0.28103298	0.6048813	0.9173492193222046	False
15	20400	2.8203256130218506	0.6722893714904785	325.1763916015625	0.6312049627304077	243.55270385742188	0.28110215	0.6093998	0.7849432229995728	False
15	20500	2.786757707595825	0.6184046268463135	339.73577880859375	0.5124564170837402	243.3057861328125	0.28186545	0.61003864	0.9310306310653687	False
15	20600	2.741396188735962	0.6268200874328613	355.9552001953125	0.4502876400947571	243.3629913330078	0.2816764	0.6174277	0.8376094102859497	False
15	20700	2.9531779289245605	0.6510398387908936	332.10614013671875	0.6404814720153809	243.61761474609375	0.28145638	0.6058109	0.9711964130401611	False
15	20800	2.764777421951294	0.6327428817749023	355.738525390625	0.4674047529697418	243.3500213623047	0.2817061	0.6205195	1.1360936164855957	False
15	20900	2.749844789505005	0.6502656936645508	391.4739990234375	0.5219583511352539	243.58815002441406	0.2812492	0.6095089	1.128170132637024	False
15	21000	2.778402328491211	0.6402993202209473	306.8160400390625	0.5786251425743103	243.3881378173828	0.281593	0.6115509	0.9521970152854919	False
16	21100	2.087841749191284	0.6195089817047119	301.81036376953125	0.5992146730422974	243.35414123535156	0.2815575	0.6010828	1.0885944366455078	False
16	21200	2.742985725402832	0.6269242763519287	282.60784912109375	0.6430984139442444	243.7526092529297	0.2813921	0.6026276	1.2781237363815308	False
16	21300	2.945636749267578	0.9688560962677002	349.5159912109375	0.6898921728134155	244.32315063476562	0.2815302	0.6150283	0.7952302694320679	False
16	21400	3.1144468784332275	0.6427872180938721	362.07672119140625	0.445374071598053	243.42352294921875	0.28154713	0.61143094	1.0784441232681274	False
16	21500	2.766883373260498	0.664057731628418	349.27044677734375	0.42277297377586365	243.46275329589844	0.2813325	0.6125493	1.033808708190918	False
16	21600	2.7836239337921143	0.6203255653381348	346.75067138671875	0.8117472529411316	243.4346160888672	0.2816155	0.6212733	1.1743974685668945	False
16	21700	2.7734830379486084	0.6610560417175293	363.8704833984375	0.63503098487854	243.43272399902344	0.28141755	0.6008419	1.3657299280166626	False
16	21800	2.777710199356079	0.6179194450378418	322.20684814453125	0.5336265563964844	243.62033081054688	0.281003	0.5946592	1.1438519954681396	False
16	21900	2.735322952270508	0.6155681610107422	409.92266845703125	0.5630756616592407	243.37847900390625	0.28179643	0.6121888	0.6881248354911804	True
16	22000	2.732542037963867	0.6687967777252197	371.579833984375	0.5737077593803406	243.29580688476562	0.28206095	0.6108583	1.4991309642791748	False
16	22100	2.782438039779663	0.6257264614105225	307.88726806640625	0.6229298114776611	243.50086975097656	0.28153706	0.59418833	1.0081373453140259	False
16	22200	2.726311206817627	0.6337459087371826	375.723876953125	0.383048951625824	243.45516967773438	0.28165925	0.61413324	0.9063628911972046	False
16	22300	2.7433371543884277	0.6396515369415283	391.3043518066406	0.3910539448261261	243.64218139648438	0.28114498	0.60496795	0.9364669322967529	False
17	22400	1.8020613193511963	0.6218316555023193	373.23553466796875	0.4773327112197876	243.51046752929688	0.281681	0.61489177	0.8628886938095093	False
17	22500	2.735440254211426	0.6184165477752686	333.4294128417969	0.7854065895080566	243.42495727539062	0.2816864	0.60822904	1.091712474822998	False
17	22600	2.7332615852355957	0.6226801872253418	313.9873046875	0.43103253841400146	243.37149047851562	0.2816531	0.61217886	1.2875248193740845	False
17	22700	2.739309072494507	0.6458258628845215	404.69110107421875	0.4252353310585022	243.70126342773438	0.2816422	0.61343145	0.8916020393371582	False
17	22800	2.7657458782196045	0.6270761489868164	357.0722961425781	0.7849293351173401	243.60096740722656	0.28135243	0.6060309	1.029815912246704	False
17	22900	2.7512311935424805	0.6161885261535645	361.6211853027344	0.7627451419830322	243.53436279296875	0.28143054	0.61545825	1.1655306816101074	False
17	23000	2.7277731895446777	0.66377854347229	295.9872131347656	0.5602766275405884	243.72610473632812	0.28109774	0.6053629	1.107719898223877	False
17	23100	2.777961492538452	0.6257033348083496	351.31500244140625	0.5760742425918579	243.70045471191406	0.2813526	0.6099025	1.0389137268066406	False
17	23200	2.748182773590088	0.6319518089294434	344.3604736328125	0.7495564818382263	243.41305541992188	0.281466	0.6070515	0.8401356935501099	False
17	23300	2.801471710205078	0.6741104125976562	310.537841796875	0.55632084608078	243.94580078125	0.28104424	0.5983795	1.149240255355835	False
17	23400	2.9647216796875	0.6333112716674805	351.7530822753906	0.5175359845161438	243.41915893554688	0.28155035	0.612315	0.8753198385238647	False
17	23500	2.781899929046631	0.6211493015289307	413.9539794921875	0.5569992065429688	243.3670196533203	0.28182027	0.60918355	1.2376422882080078	False
17	23600	2.746814489364624	0.658167839050293	380.5899658203125	0.3572571873664856	243.5424346923828	0.28099176	0.60455036	0.9117498397827148	False
18	23700	1.536146879196167	0.6549296379089355	338.6263427734375	0.8649252653121948	243.51731872558594	0.28092048	0.6075959	0.9391543865203857	False
18	23800	2.7676963806152344	0.6340172290802002	322.21270751953125	0.36523300409317017	243.50389099121094	0.2812354	0.6031815	1.0205192565917969	False
18	23900	2.768188714981079	0.6174411773681641	315.1819152832031	0.5402923822402954	243.3857421875	0.2814348	0.6080175	1.139379858970642	False
18	24000	2.7564189434051514	0.6145515441894531	325.7236328125	0.4974486231803894	243.55747985839844	0.2811642	0.60611165	1.0556659698486328	False
18	24100	2.7335364818573	0.6378309726715088	371.75775146484375	0.47760432958602905	243.3935546875	0.28159705	0.61070085	1.1045910120010376	False
18	24200	2.7586426734924316	0.6238715648651123	387.4430847167969	0.529173731803894	243.53109741210938	0.2810719	0.6059471	0.963302493095398	False
18	24300	2.942253589630127	0.6483852863311768	334.37677001953125	0.43932029604911804	243.40029907226562	0.28158894	0.6013453	1.181673526763916	False
18	24400	2.800715923309326	0.6359074115753174	397.2936096191406	0.5694748163223267	243.40338134765625	0.28128266	0.61704487	1.2410887479782104	False
18	24500	2.7528977394104004	0.6538660526275635	338.677978515625	0.5661884546279907	243.4369659423828	0.28172454	0.6159884	0.873825192451477	False
18	24600	2.7679104804992676	0.6290249824523926	390.2647399902344	0.5230321884155273	243.46522521972656	0.2817704	0.60015893	1.0063934326171875	False
18	24700	2.7762978076934814	0.6503195762634277	376.0995178222656	0.6185749173164368	243.4519805908203	0.28151587	0.6099657	0.9782430529594421	False
18	24800	2.7705681324005127	0.6300365924835205	369.07196044921875	0.5575894117355347	243.55755615234375	0.2808923	0.6158125	0.8003653883934021	False
18	24900	2.7524290084838867	0.6213154792785645	282.81671142578125	0.684656023979187	243.31716918945312	0.28195032	0.6077736	1.1507773399353027	False
19	25000	1.390993356704712	0.6474249362945557	395.2823486328125	0.717579185962677	243.48936462402344	0.28154284	0.6128566	1.050842046737671	False
19	25100	2.846918821334839	0.6629683971405029	333.4512023925781	0.6688616275787354	243.44480895996094	0.28143772	0.60947144	0.8889482021331787	False
19	25200	2.777493476867676	0.6284074783325195	361.5395812988281	0.6189641952514648	243.45843505859375	0.281513	0.6189377	0.8568623661994934	False
19	25300	2.7393593788146973	0.6270749568939209	402.23687744140625	0.5173729658126831	243.6998748779297	0.2812988	0.60987115	0.8527090549468994	False
19	25400	2.7402994632720947	0.6763601303100586	386.9462585449219	0.4927406907081604	243.39776611328125	0.28149104	0.607528	0.9346256256103516	False
19	25500	2.86448335647583	0.6308526992797852	294.2637023925781	0.52695631980896	243.4873504638672	0.28102815	0.6096427	0.9239163398742676	False
19	25600	2.750084400177002	0.645850419998169	364.0059814453125	0.4598892331123352	243.47042846679688	0.281482	0.6103624	1.0357999801635742	False
19	25700	2.7651560306549072	0.6212520599365234	338.60723876953125	0.559933602809906	243.50765991210938	0.2812997	0.60129404	1.3814947605133057	False
19	25800	2.754331350326538	0.6453642845153809	317.93206787109375	0.5517767667770386	244.19383239746094	0.28082466	0.60402447	1.049522876739502	False
19	25900	2.7651381492614746	0.6190934181213379	351.0294494628906	0.7554740309715271	243.6097869873047	0.28139672	0.6220175	0.8367829322814941	False
19	26000	2.735887289047241	0.6172628402709961	357.5175476074219	0.6134989261627197	243.2969970703125	0.28193498	0.6122271	1.0665273666381836	False
19	26100	2.735358715057373	0.6817591190338135	359.9365539550781	0.6444333791732788	243.3531036376953	0.28176138	0.6075898	1.1791512966156006	False
19	26200	2.830760955810547	0.630408525466919	335.1515808105469	0.298772931098938	243.4243927001953	0.2814124	0.61747503	1.0338399410247803	False
20	26300	1.0032751560211182	0.651329755783081	276.6683044433594	0.6351308226585388	243.45436096191406	0.2813055	0.61422896	0.9215389490127563	False
20	26400	2.85193133354187	0.7158505916595459	358.4732666015625	0.4474759101867676	243.77117919921875	0.28124213	0.61944044	1.0903518199920654	False
20	26500	2.8284823894500732	0.6215662956237793	327.466552734375	0.3648591637611389	243.69017028808594	0.28176245	0.6077391	1.1729555130004883	False
20	26600	2.7396790981292725	0.6367602348327637	325.24774169921875	0.7414724826812744	243.514892578125	0.28113565	0.6069763	1.0008492469787598	False
20	26700	2.753919839859009	0.619917631149292	328.17608642578125	0.672873854637146	243.54315185546875	0.28110647	0.5996587	1.0597307682037354	False
20	26800	2.7362496852874756	0.6183946132659912	319.1610107421875	0.39209046959877014	243.462646484375	0.28163078	0.61507654	1.2386304140090942	False
20	26900	2.7490317821502686	0.6355047225952148	335.34283447265625	0.43732795119285583	243.5601043701172	0.28128418	0.6054834	1.0675925016403198	False
20	27000	2.7530412673950195	0.6201379299163818	349.55780029296875	0.5765998363494873	243.5125732421875	0.28119385	0.61602116	0.8327215909957886	False
20	27100	2.73291015625	0.6218540668487549	340.0035095214844	0.6752004623413086	243.40142822265625	0.28125533	0.60751045	1.3338841199874878	False
20	27200	2.813406229019165	0.6462042331695557	370.000732421875	0.8432903289794922	243.553466796875	0.28143704	0.605975	1.2813069820404053	False
20	27300	2.7561557292938232	0.6282942295074463	305.32513427734375	0.8196609020233154	243.59263610839844	0.28144076	0.6128032	1.3429930210113525	False
20	27400	2.7406482696533203	0.622570276260376	310.2620849609375	0.7226266264915466	243.80340576171875	0.2808368	0.5941868	0.8799688220024109	False
20	27500	2.7441580295562744	0.6687800884246826	361.97601318359375	0.7126365900039673	243.4241180419922	0.28122088	0.6084891	1.1150846481323242	False
21	27600	0.7105121612548828	0.6418948173522949	321.70391845703125	0.7238227128982544	243.57501220703125	0.28111362	0.62223196	0.8198162317276001	False
21	27700	2.8345937728881836	0.6204550266265869	380.8679504394531	0.5929364562034607	243.42393493652344	0.28155506	0.6047123	1.3641166687011719	False
21	27800	2.8530774116516113	0.7142887115478516	358.06536865234375	0.5537217855453491	243.4081268310547	0.2817337	0.61196613	0.8322253227233887	False
21	27900	2.856532335281372	0.6395466327667236	352.8992919921875	0.49193090200424194	243.37510681152344	0.2814266	0.6141732	1.036506175994873	False
21	28000	2.7557168006896973	0.6291577816009521	354.04327392578125	0.40345847606658936	243.42967224121094	0.2817868	0.595232	1.1272732019424438	False
21	28100	2.798567771911621	0.6156020164489746	322.9383544921875	0.6037676930427551	243.3867645263672	0.2815996	0.6019809	1.5201371908187866	False
21	28200	2.7338156700134277	0.6335864067077637	356.7819519042969	0.6074868440628052	243.84542846679688	0.2813162	0.61449665	0.9204006791114807	False
21	28300	2.873283624649048	0.729393720626831	363.636474609375	0.6695011854171753	243.42431640625	0.2814385	0.61086845	1.0130133628845215	False
21	28400	2.9304802417755127	0.6247098445892334	385.9324951171875	0.8758223652839661	243.3765869140625	0.2816667	0.61400795	1.106864333152771	False
21	28500	2.733738660812378	0.6342766284942627	330.4563903808594	0.6650193929672241	243.28839111328125	0.28175044	0.6046513	1.1260145902633667	False
21	28600	2.8239622116088867	1.0243339538574219	326.22918701171875	0.6490645408630371	243.73565673828125	0.28098604	0.61588335	1.0170273780822754	False
21	28700	3.1352927684783936	0.6371209621429443	332.3173828125	0.6064403653144836	243.5125732421875	0.28144717	0.60822654	0.853880763053894	False
21	28800	2.751410722732544	0.629082441329956	379.42578125	0.78261399269104	243.3457794189453	0.28175429	0.6168362	1.0573396682739258	False
