Training Chroms:  ['chr2', 'chr3', 'chr4', 'chr5', 'chr6', 'chr7', 'chr9', 'chr11', 'chr12', 'chr13', 'chr14', 'chr15', 'chr16', 'chr17', 'chr18', 'chr19', 'chr20', 'chr21', 'chr22', 'chrX']
Vaidation Chroms:  ['chr8', 'chr10'] 


41459 peaks and 42560 negatives extracted.
Sampling ratios are 1:0.0974 peaks:negatives after accounting for # examples in each.


Training Set Size:  84019
Validation Set Size:  4634 

Warning: BPNet and ChromBPNet models trained using bpnet-lite may underperform those trained using the official repositories. See the GitHub README for further documentation.
Epoch	Iteration	Training Time	Validation Time	Training MNLL	Training Count MSE	Validation MNLL	Validation Profile Pearson	Validation Count Pearson	Validation Count MSE	Saved?
0	0	1.9862	0.8029	438.6313	15.085	622.1283	-0.0022316	-0.12833713	9.9496	True
0	100	2.9775	0.702	417.7623	1.9899	301.4044	0.05054314	-0.156944	0.7455	True
0	200	2.8261	0.6825	408.3089	1.9478	284.9761	0.12618579	-0.15468955	1.0541	True
0	300	2.8007	0.6414	443.8223	1.7516	268.3781	0.20007217	-0.078602195	0.6342	True
0	400	2.7591	0.6274	386.3711	1.4869	256.6516	0.2353282	0.3035038	0.5908	True
0	500	2.7491	0.6363	393.5497	1.2422	252.8305	0.24715352	0.34602883	0.6414	True
0	600	2.7426	0.6262	361.4073	1.8197	251.6933	0.25273412	0.38802764	0.5339	True
0	700	2.736	0.6243	355.2639	0.9803	250.069	0.25651702	0.40308517	0.6211	True
0	800	2.7384	0.6172	367.2371	1.0143	249.9474	0.257717	0.4293122	0.6637	True
0	900	2.7325	0.6181	411.4366	0.4922	249.9584	0.26084054	0.436402	0.7125	False
0	1000	2.7311	0.6575	328.5098	1.1214	250.0589	0.26240054	0.45269835	0.5381	True
0	1100	2.7764	0.6157	359.1193	1.0662	248.345	0.26284593	0.45244196	0.7307	True
0	1200	2.7351	0.7032	368.3679	0.7588	248.8555	0.26349816	0.46835524	0.5261	False
0	1300	2.815	0.6148	290.2396	1.211	248.4968	0.2648417	0.4789377	0.699	False
1	1400	1.9769	0.6159	352.3998	1.0358	248.1517	0.26441437	0.47940284	0.8376	True
1	1500	2.7526	0.6489	336.7277	0.7216	248.3773	0.26443708	0.48801363	0.5202	True
1	1600	2.7511	0.6242	359.4879	1.6989	247.3556	0.2660415	0.48363855	0.9609	True
1	1700	2.7996	0.6307	343.1173	1.256	247.246	0.26710448	0.4940076	0.7226	True
1	1800	2.763	0.6251	288.3401	0.8963	247.4247	0.26714835	0.49192578	0.7498	False
1	1900	2.7919	0.6225	363.4068	1.1724	247.0623	0.26729682	0.50228524	0.5331	True
1	2000	3.1741	0.8857	339.8973	0.7436	247.1886	0.2679112	0.5093988	1.0026	False
1	2100	3.0394	0.6193	339.1093	1.0199	247.278	0.2687959	0.512431	0.9872	False
1	2200	2.7591	0.6289	328.2856	0.7187	246.6258	0.2693076	0.5185019	0.7669	True
1	2300	2.7536	0.6886	342.5262	0.8928	246.9486	0.2691048	0.51950157	0.7427	False
1	2400	2.8452	0.7064	329.733	0.8645	246.6616	0.27011457	0.52550244	0.6078	True
1	2500	2.9073	0.6066	374.1365	0.9075	246.4563	0.27061433	0.5320735	0.5942	True
1	2600	2.7479	0.8353	398.5278	1.0518	246.1158	0.27117023	0.5325285	0.8228	True
2	2700	1.867	1.1533	384.2813	0.7633	246.4066	0.27087218	0.53484046	0.7689	False
2	2800	3.3433	0.6894	396.6822	0.6206	245.9189	0.27196845	0.5334097	0.8928	True
2	2900	3.0059	0.6502	350.0339	0.6066	246.3789	0.27209067	0.54108846	0.6065	False
2	3000	2.7659	0.6163	324.8613	0.8817	246.0469	0.27140012	0.5314901	0.8456	False
2	3100	2.7351	0.6531	381.6591	0.7184	245.6885	0.2722378	0.54496527	0.9721	True
2	3200	2.7917	0.6355	394.0336	1.3443	246.0372	0.2715744	0.52589285	1.4862	False
2	3300	2.9572	0.6307	359.8962	0.5031	245.5407	0.27317357	0.549014	0.9538	True
2	3400	2.7453	0.9959	323.1845	1.1661	246.0996	0.27267373	0.5381719	0.8584	False
2	3500	3.1738	0.7	356.6299	0.5924	245.6738	0.27284414	0.55668044	0.5908	True
2	3600	2.8351	0.6371	394.5276	0.6014	245.3675	0.27360284	0.5531604	0.8967	True
2	3700	2.7609	0.6529	344.5411	1.2479	245.5057	0.27315813	0.55647874	0.6776	True
2	3800	2.7788	0.6183	300.843	0.6559	245.7461	0.2735406	0.55365276	0.9338	False
2	3900	2.7384	0.623	328.3545	0.6827	245.3171	0.27392375	0.5673059	0.9504	False
3	4000	1.4378	0.6395	408.8204	0.6848	245.2409	0.2744405	0.5621091	0.8992	True
3	4100	2.7645	0.9013	351.2092	0.6107	246.481	0.27447876	0.5628722	1.2125	False
3	4200	3.0151	0.6162	362.9572	1.0918	245.4943	0.27455965	0.5708374	0.6368	True
3	4300	2.815	0.6664	301.4083	0.7602	245.2894	0.27471012	0.5651443	0.7159	True
3	4400	2.794	0.8139	419.9382	0.6537	245.2157	0.27432743	0.57061374	0.6862	True
3	4500	2.9462	0.6184	392.1703	0.7796	245.1122	0.2746415	0.5653261	0.6609	True
3	4600	2.7439	0.6846	334.3666	1.0427	245.047	0.2748438	0.56444484	1.1379	False
3	4700	2.8026	0.6229	306.0757	0.7933	244.9888	0.2754243	0.5698467	0.7933	False
3	4800	2.7448	0.6241	395.2805	0.896	244.8819	0.27590743	0.56687987	0.8502	True
3	4900	2.7333	0.6384	365.1426	0.9956	244.7798	0.2757673	0.5672808	1.1381	False
3	5000	2.7588	0.6542	346.0301	0.6879	245.1836	0.2757507	0.5798428	0.6596	False
3	5100	2.7679	0.6284	315.8563	0.9058	244.9581	0.27606478	0.5743753	0.7213	True
3	5200	2.8152	0.6756	367.4227	0.7646	244.7109	0.27642277	0.57666355	1.0434	False
4	5300	1.1485	0.6351	371.3868	0.666	244.6817	0.27622333	0.5813085	0.8152	True
4	5400	2.7865	0.6151	390.637	0.9805	244.925	0.27590057	0.5834024	0.867	False
4	5500	2.7243	0.655	340.1209	0.7959	244.7212	0.27632478	0.56656575	1.0186	False
4	5600	2.8541	0.6229	341.8584	0.6151	244.5619	0.27696356	0.57583785	1.2045	False
4	5700	2.7383	0.6457	294.9922	1.0515	244.9834	0.27672723	0.58664	0.7388	False
4	5800	2.7769	0.6327	366.4506	0.5172	245.025	0.27664652	0.57779914	1.2586	False
4	5900	2.7546	0.6735	415.7415	0.6839	244.5385	0.27671626	0.5741396	1.0067	False
4	6000	2.9349	0.6655	328.4487	0.6298	244.6149	0.27712786	0.5847827	0.9586	False
4	6100	2.7724	0.6446	342.1538	0.6236	244.3684	0.2775661	0.5837923	0.9101	True
4	6200	2.7674	0.7194	351.166	0.6471	244.5796	0.27673763	0.5840669	0.8837	False
4	6300	2.9172	0.6263	392.0457	0.4866	244.3743	0.2775235	0.5841981	0.9737	False
4	6400	2.8257	0.6574	319.089	0.7597	244.4606	0.27723598	0.5861796	1.073	False
4	6500	2.7762	0.6805	310.5216	0.7749	244.3171	0.27779615	0.5853417	0.9691	False
5	6600	0.8871	0.6558	367.8521	0.8944	244.502	0.2775543	0.5944308	0.6328	True
5	6700	2.7852	0.643	356.6659	0.9122	244.3335	0.27767473	0.58948356	0.985	False
5	6800	2.9357	0.6868	351.3412	0.7736	244.5384	0.277463	0.5934154	0.9227	False
5	6900	2.8015	0.6883	330.5134	0.9416	244.5673	0.27694562	0.570283	1.0715	False
5	7000	2.8056	0.6173	335.797	0.675	244.3379	0.27783352	0.5955583	0.8647	False
5	7100	2.7679	0.6362	360.1754	0.6314	244.3655	0.27810827	0.5969006	1.2899	False
5	7200	2.7501	0.6353	333.1691	0.9286	244.2025	0.27828243	0.58994734	1.522	False
5	7300	2.7738	0.6368	349.9167	0.5426	244.4749	0.27749783	0.5891248	0.6412	True
5	7400	2.7569	0.6308	334.0408	0.6442	244.1424	0.2786328	0.59288776	0.9571	True
5	7500	2.7497	0.6268	363.152	0.4448	244.1371	0.2786225	0.5890893	1.0664	False
5	7600	2.7391	0.6453	351.9358	0.7407	244.2361	0.27867267	0.60434103	0.859	True
5	7700	2.7954	0.6188	321.1653	0.6898	244.352	0.27866405	0.58954346	1.177	False
5	7800	2.7326	0.62	326.5118	0.5733	244.1544	0.27893412	0.59758836	1.0774	False
6	7900	0.6037	0.6344	333.5876	0.5876	244.2742	0.27894986	0.59923947	1.063	False
6	8000	2.7434	0.6175	337.2484	0.8648	244.1037	0.2790034	0.6005565	0.8094	True
6	8100	2.7309	0.6265	344.3615	0.9756	243.9601	0.27927455	0.5906515	1.0446	False
6	8200	2.729	0.6547	386.3206	1.0011	244.1464	0.27866825	0.59480995	1.043	False
6	8300	2.8387	0.6396	314.245	0.7695	244.1743	0.2784256	0.5971118	0.6123	True
6	8400	2.7566	0.6291	350.3832	0.5595	244.2669	0.27880326	0.611554	0.8906	False
6	8500	2.7429	0.6425	355.1429	0.6783	244.2212	0.27795464	0.5937941	0.7243	False
6	8600	2.7634	0.6272	366.1253	0.9092	244.5149	0.27905905	0.5980202	0.8005	False
6	8700	2.7554	0.6336	404.0077	0.5578	244.092	0.2789689	0.59504485	0.9606	False
6	8800	2.8195	0.6518	350.3867	0.7742	244.2341	0.27918363	0.59907794	0.7997	False
6	8900	2.7748	0.6191	347.1047	0.8813	244.2267	0.2784453	0.5871726	1.3416	False
6	9000	2.7382	0.6749	334.7805	0.8954	244.0426	0.2798862	0.6084827	0.8435	False
6	9100	2.7905	0.6218	361.1808	0.6576	244.0228	0.27902213	0.60426927	0.6142	True
7	9200	0.3288	0.6275	341.8471	0.6133	244.0358	0.27947497	0.60145295	0.969	False
7	9300	2.8026	0.7083	371.9514	0.8146	243.7738	0.2798242	0.6009066	0.798	True
7	9400	2.8436	0.6341	306.9738	0.9804	244.064	0.27915627	0.5922911	1.2479	False
7	9500	2.7658	0.6581	406.4277	0.6441	243.9406	0.2794945	0.6005031	0.7208	False
7	9600	2.772	0.6417	370.3642	0.6762	243.8674	0.27958998	0.59772	0.8876	False
7	9700	2.7878	0.9538	375.1786	0.6957	243.8236	0.27994552	0.60024595	1.263	False
7	9800	3.0647	0.6579	331.7872	0.8844	244.4435	0.27883774	0.59613353	0.8841	False
7	9900	2.7951	0.6145	305.1029	0.4962	243.8941	0.27981257	0.59506154	1.3186	False
7	10000	2.7319	0.6418	347.9374	0.5799	243.8202	0.27949843	0.6040094	0.8814	False
7	10100	2.9492	0.6211	347.1655	0.5983	244.0425	0.27902922	0.60931003	0.7218	False
7	10200	2.7358	0.6221	417.0304	0.7944	243.9107	0.27951667	0.5962417	1.2022	False
7	10300	2.7405	0.6952	395.7992	0.5391	243.9186	0.27972504	0.60530996	0.8484	False
7	10400	2.8287	0.6171	346.1244	0.6395	243.8724	0.28015253	0.6099809	0.9905	False
7	10500	2.7284	0.684	352.6281	0.5555	244.233	0.27990344	0.6092266	0.9805	False
8	10600	2.1626	0.6394	319.7949	0.5179	244.102	0.28019652	0.61170506	0.7328	False
8	10700	2.7526	0.6447	356.517	0.8178	243.9846	0.27898353	0.59881186	1.0434	False
8	10800	2.7607	0.6422	324.6661	0.3587	243.9562	0.27948138	0.6136175	1.0707	False
8	10900	2.7892	0.6314	364.0884	0.59	243.7618	0.279886	0.6083676	1.0227	False
8	11000	2.896	0.6177	293.558	1.348	244.1167	0.27936447	0.5938627	1.2529	False
8	11100	2.818	0.6422	332.0616	0.5647	244.1058	0.2792683	0.60100925	0.8247	False
8	11200	2.758	0.6403	396.3983	0.4237	243.781	0.27972654	0.61521983	1.1306	False
8	11300	2.7848	0.6232	345.7274	0.7239	243.8804	0.27987516	0.60013086	1.1642	False
8	11400	2.7376	0.6398	351.134	0.4539	243.7474	0.28049543	0.61193055	1.2701	False
8	11500	2.7515	0.6302	352.8853	0.5927	243.6488	0.28031734	0.6102748	1.019	False
8	11600	2.739	0.6367	389.4182	0.5477	243.6494	0.28051633	0.6171365	0.8957	True
8	11700	2.76	0.6405	348.5547	0.6202	243.6876	0.2804661	0.60922813	0.8459	True
8	11800	2.7522	0.6226	331.6867	0.7703	243.7838	0.28046036	0.61051345	0.9478	False
9	11900	1.8814	0.6569	358.6459	0.6582	243.7431	0.28055823	0.59740305	1.1241	False
9	12000	2.7734	0.6252	391.3504	0.6566	243.8334	0.2802925	0.60769033	1.0952	False
9	12100	2.7469	0.6446	376.9386	0.5286	243.6453	0.28044322	0.6136036	0.9505	False
9	12200	2.7818	0.6311	329.8666	0.717	243.8264	0.28039667	0.6101949	1.1206	False
9	12300	2.7688	0.6313	346.3785	0.5181	243.8411	0.28051975	0.6093695	1.0194	False
9	12400	2.7633	0.6411	345.7157	0.5774	243.6973	0.28023958	0.6154375	0.7573	True
9	12500	2.781	0.6292	345.1021	0.6464	243.6767	0.2808711	0.6019617	1.2449	False
9	12600	2.7694	0.6588	373.2516	0.5059	243.5204	0.28091893	0.6141121	0.9664	False
9	12700	2.8553	0.6607	332.06	0.4331	243.8534	0.28020427	0.60025495	1.1798	False
9	12800	2.8361	0.6346	313.0784	0.8402	243.79	0.27996135	0.60188293	0.6383	True
9	12900	2.773	0.6186	383.6863	0.5593	243.5904	0.2809766	0.6076083	0.8053	True
9	13000	2.7427	0.6172	311.6644	1.2516	243.8023	0.28067198	0.59398174	1.5953	False
9	13100	2.7647	0.6262	391.3949	0.5396	243.8679	0.28076977	0.6128824	0.9089	False
10	13200	1.6278	0.6305	304.9277	0.9241	243.7794	0.28085703	0.61086726	1.0923	False
10	13300	2.785	0.6324	374.9594	0.5975	243.7109	0.28055602	0.60705054	1.1184	False
10	13400	2.7634	0.607	323.4899	0.7857	243.501	0.2810818	0.6052525	1.1577	False
10	13500	2.7171	0.6409	360.0375	0.3914	243.5474	0.281112	0.61084807	1.1083	False
10	13600	2.8845	0.6744	410.354	0.7403	243.571	0.28110692	0.6159341	0.7929	True
10	13700	2.9413	0.6941	373.3577	0.4503	243.5965	0.28105855	0.6032939	1.3596	False
10	13800	2.8171	0.933	330.7876	0.5361	243.5468	0.28107378	0.6073851	1.2257	False
10	13900	3.079	0.6381	303.981	0.9782	243.6514	0.28078985	0.5960543	1.0229	False
10	14000	2.757	0.6243	323.6488	0.4876	243.5014	0.2809772	0.6151278	0.8735	False
10	14100	2.7428	0.6215	396.4269	0.3849	243.6638	0.2808577	0.6124978	0.952	False
10	14200	2.741	0.6163	327.8493	0.6892	243.5595	0.28143346	0.61132145	1.0736	False
10	14300	2.7773	0.6388	386.3907	0.6923	244.0357	0.28112298	0.610566	0.8818	False
10	14400	2.7585	0.6301	297.4726	0.8078	243.7667	0.28044456	0.60294366	0.9892	False
11	14500	1.4526	0.6352	364.3612	0.5023	243.9437	0.28091317	0.6111909	0.7423	False
11	14600	2.7577	0.648	332.5333	0.6285	243.3843	0.28157392	0.60817146	1.0896	False
11	14700	2.8123	0.6755	321.0737	0.5228	243.4597	0.2814398	0.6055953	1.4077	False
11	14800	2.8301	0.6658	353.4604	0.5107	243.5483	0.28121942	0.59676576	0.8715	False
11	14900	2.7819	0.6258	338.4463	0.8216	243.5927	0.28092745	0.6049508	1.0587	False
11	15000	2.7429	0.6403	357.9539	0.6217	243.5716	0.2812306	0.6045592	1.1678	False
11	15100	2.7591	0.6263	344.7681	0.8548	243.496	0.2813765	0.6072095	0.9876	False
11	15200	2.7587	0.6349	344.4695	0.4934	243.5804	0.2808557	0.5993421	1.3032	False
11	15300	2.7532	0.6347	350.9121	0.631	243.448	0.2815044	0.60547805	0.8869	True
11	15400	2.7693	0.64	346.5211	0.5052	244.0094	0.28148058	0.6095205	0.8513	False
11	15500	2.7554	0.632	336.6218	0.602	243.4875	0.28131282	0.62730324	0.7286	True
11	15600	2.8201	0.6363	363.6769	0.5187	243.4826	0.2811235	0.6083902	0.9151	False
11	15700	2.7534	0.6354	405.9014	0.319	243.407	0.2814423	0.6140823	1.1043	False
12	15800	1.0676	0.6497	330.4377	0.4901	243.513	0.28141034	0.62108225	0.8318	False
12	15900	2.7662	0.6246	353.313	0.5326	243.5881	0.28084219	0.5947095	0.9663	False
12	16000	2.7434	0.6165	330.2358	0.9817	243.4154	0.2814864	0.60939777	1.0866	False
12	16100	2.7376	0.6291	398.6794	0.5222	243.5284	0.28144357	0.61016184	1.0189	False
12	16200	2.7443	0.6174	336.0465	0.7076	243.8043	0.2808547	0.6052749	0.8971	False
12	16300	2.8127	0.628	363.72	0.5476	243.8167	0.28072882	0.5980834	0.8397	False
12	16400	2.75	0.6354	338.0401	0.5488	243.4374	0.2815104	0.61146563	1.1418	False
12	16500	2.7857	0.6496	346.3527	0.4895	243.5503	0.28130856	0.6046246	0.9293	False
12	16600	2.7645	0.6429	369.9916	0.502	243.6174	0.2816751	0.6090355	0.965	False
12	16700	2.7533	0.8043	340.6929	0.3554	243.5862	0.2808467	0.60966563	0.722	False
12	16800	2.9127	0.6293	333.0419	0.553	243.8905	0.28122434	0.605145	0.9861	False
12	16900	2.7444	0.6217	331.1912	0.5539	243.416	0.2815996	0.60616505	1.069	False
12	17000	2.7797	0.6289	363.3515	0.6284	243.77	0.28044882	0.6122366	0.7186	False
13	17100	0.7991	0.6651	353.5585	0.6354	243.561	0.28157172	0.6051922	1.3177	False
13	17200	2.8745	0.6226	322.7325	0.8699	243.388	0.28148836	0.6079414	1.0261	False
13	17300	2.7413	0.6755	356.8391	0.6836	243.392	0.28163856	0.6142725	1.0716	False
13	17400	2.7996	0.6384	351.4542	0.5295	243.4929	0.28143072	0.60903883	1.0611	False
13	17500	2.7625	0.688	388.2681	0.6469	243.4091	0.2816313	0.5948023	1.1004	False
13	17600	2.8078	0.6219	328.2819	0.6544	243.519	0.28118274	0.6138451	0.7486	False
13	17700	2.7388	0.6569	348.7506	0.3706	243.502	0.28156826	0.60481286	0.8515	False
13	17800	2.8019	0.7223	332.887	0.5789	243.6106	0.28101984	0.60723335	0.9314	False
13	17900	2.8503	0.6475	328.3491	0.716	243.5131	0.2811486	0.605308	1.1287	False
13	18000	2.7754	0.6342	340.395	0.5862	243.4238	0.28161135	0.59813035	1.2871	False
13	18100	2.7603	0.6203	344.8488	0.4762	243.7519	0.28092515	0.59404254	1.4419	False
13	18200	2.737	0.6183	362.522	0.6068	243.4295	0.2814289	0.60127175	1.272	False
13	18300	2.7417	0.6166	370.0073	0.8321	243.4443	0.2814021	0.6097902	0.8019	False
14	18400	0.5145	0.6188	363.1891	0.6536	243.2923	0.28196764	0.612333	1.2435	False
14	18500	2.7396	0.6362	367.9727	0.3785	243.6253	0.28135592	0.6019063	0.8651	False
14	18600	2.7686	0.6175	334.5633	0.4118	243.605	0.28128165	0.60744977	0.786	False
14	18700	2.7416	0.631	320.7788	0.8357	243.8344	0.28193274	0.60871434	1.0582	False
14	18800	2.7462	0.6411	346.0244	0.647	243.5377	0.28129867	0.6014888	1.0989	False
14	18900	2.7538	0.6271	310.3464	0.5394	243.4362	0.28156987	0.61493534	0.7916	False
14	19000	2.781	0.6279	334.4619	0.5764	243.4334	0.28181228	0.6004308	1.0497	False
14	19100	2.7471	0.6238	385.0056	0.4735	243.4787	0.28183806	0.61142576	1.1199	False
14	19200	2.7505	0.6311	391.8664	1.0613	243.3827	0.2815836	0.6127018	0.7428	True
14	19300	2.7918	0.63	347.6796	0.6292	243.3479	0.28170708	0.61084175	1.0356	False
14	19400	2.7502	0.6324	338.8522	0.346	243.4773	0.28160137	0.60954165	1.0605	False
14	19500	2.7551	0.631	379.71	0.4738	243.4301	0.2819592	0.61691236	1.0409	False
14	19600	2.7602	0.6158	373.6	0.6238	243.407	0.28168124	0.6121242	0.9632	False
15	19700	0.245	0.6501	328.4648	0.5985	243.5049	0.28144	0.61519456	0.892	False
15	19800	2.7659	0.6452	380.2397	0.7547	243.4829	0.28135145	0.6070554	0.757	False
15	19900	2.7568	0.6296	325.6098	0.7106	243.3316	0.2817157	0.59626615	1.07	False
15	20000	2.7535	0.6334	353.7838	0.7134	243.279	0.2817924	0.6108553	1.0995	False
15	20100	2.754	0.6232	357.0317	0.463	243.3103	0.281847	0.6176081	1.0138	False
15	20200	2.7449	0.6533	283.9491	0.6911	243.5641	0.28083	0.6220467	0.8913	False
15	20300	2.7742	0.637	340.4305	0.7992	243.5964	0.28103298	0.6048813	0.9173	False
15	20400	2.8203	0.6723	325.1764	0.6312	243.5527	0.28110215	0.6093998	0.7849	False
15	20500	2.7868	0.6184	339.7358	0.5125	243.3058	0.28186545	0.61003864	0.931	False
15	20600	2.7414	0.6268	355.9552	0.4503	243.363	0.2816764	0.6174277	0.8376	False
15	20700	2.9532	0.651	332.1061	0.6405	243.6176	0.28145638	0.6058109	0.9712	False
15	20800	2.7648	0.6327	355.7385	0.4674	243.35	0.2817061	0.6205195	1.1361	False
15	20900	2.7498	0.6503	391.474	0.522	243.5882	0.2812492	0.6095089	1.1282	False
15	21000	2.7784	0.6403	306.816	0.5786	243.3881	0.281593	0.6115509	0.9522	False
16	21100	2.0878	0.6195	301.8104	0.5992	243.3541	0.2815575	0.6010828	1.0886	False
16	21200	2.743	0.6269	282.6078	0.6431	243.7526	0.2813921	0.6026276	1.2781	False
16	21300	2.9456	0.9689	349.516	0.6899	244.3232	0.2815302	0.6150283	0.7952	False
16	21400	3.1144	0.6428	362.0767	0.4454	243.4235	0.28154713	0.61143094	1.0784	False
16	21500	2.7669	0.6641	349.2704	0.4228	243.4628	0.2813325	0.6125493	1.0338	False
16	21600	2.7836	0.6203	346.7507	0.8117	243.4346	0.2816155	0.6212733	1.1744	False
16	21700	2.7735	0.6611	363.8705	0.635	243.4327	0.28141755	0.6008419	1.3657	False
16	21800	2.7777	0.6179	322.2068	0.5336	243.6203	0.281003	0.5946592	1.1439	False
16	21900	2.7353	0.6156	409.9227	0.5631	243.3785	0.28179643	0.6121888	0.6881	True
16	22000	2.7325	0.6688	371.5798	0.5737	243.2958	0.28206095	0.6108583	1.4991	False
16	22100	2.7824	0.6257	307.8873	0.6229	243.5009	0.28153706	0.59418833	1.0081	False
16	22200	2.7263	0.6337	375.7239	0.383	243.4552	0.28165925	0.61413324	0.9064	False
16	22300	2.7433	0.6397	391.3044	0.3911	243.6422	0.28114498	0.60496795	0.9365	False
17	22400	1.8021	0.6218	373.2355	0.4773	243.5105	0.281681	0.61489177	0.8629	False
17	22500	2.7354	0.6184	333.4294	0.7854	243.425	0.2816864	0.60822904	1.0917	False
17	22600	2.7333	0.6227	313.9873	0.431	243.3715	0.2816531	0.61217886	1.2875	False
17	22700	2.7393	0.6458	404.6911	0.4252	243.7013	0.2816422	0.61343145	0.8916	False
17	22800	2.7657	0.6271	357.0723	0.7849	243.601	0.28135243	0.6060309	1.0298	False
17	22900	2.7512	0.6162	361.6212	0.7627	243.5344	0.28143054	0.61545825	1.1655	False
17	23000	2.7278	0.6638	295.9872	0.5603	243.7261	0.28109774	0.6053629	1.1077	False
17	23100	2.778	0.6257	351.315	0.5761	243.7005	0.2813526	0.6099025	1.0389	False
17	23200	2.7482	0.632	344.3605	0.7496	243.4131	0.281466	0.6070515	0.8401	False
17	23300	2.8015	0.6741	310.5378	0.5563	243.9458	0.28104424	0.5983795	1.1492	False
17	23400	2.9647	0.6333	351.7531	0.5175	243.4192	0.28155035	0.612315	0.8753	False
17	23500	2.7819	0.6211	413.954	0.557	243.367	0.28182027	0.60918355	1.2376	False
17	23600	2.7468	0.6582	380.59	0.3573	243.5424	0.28099176	0.60455036	0.9117	False
18	23700	1.5361	0.6549	338.6263	0.8649	243.5173	0.28092048	0.6075959	0.9392	False
18	23800	2.7677	0.634	322.2127	0.3652	243.5039	0.2812354	0.6031815	1.0205	False
18	23900	2.7682	0.6174	315.1819	0.5403	243.3857	0.2814348	0.6080175	1.1394	False
18	24000	2.7564	0.6146	325.7236	0.4974	243.5575	0.2811642	0.60611165	1.0557	False
18	24100	2.7335	0.6378	371.7578	0.4776	243.3936	0.28159705	0.61070085	1.1046	False
18	24200	2.7586	0.6239	387.4431	0.5292	243.5311	0.2810719	0.6059471	0.9633	False
18	24300	2.9423	0.6484	334.3768	0.4393	243.4003	0.28158894	0.6013453	1.1817	False
18	24400	2.8007	0.6359	397.2936	0.5695	243.4034	0.28128266	0.61704487	1.2411	False
18	24500	2.7529	0.6539	338.678	0.5662	243.437	0.28172454	0.6159884	0.8738	False
18	24600	2.7679	0.629	390.2647	0.523	243.4652	0.2817704	0.60015893	1.0064	False
18	24700	2.7763	0.6503	376.0995	0.6186	243.452	0.28151587	0.6099657	0.9782	False
18	24800	2.7706	0.63	369.072	0.5576	243.5576	0.2808923	0.6158125	0.8004	False
18	24900	2.7524	0.6213	282.8167	0.6847	243.3172	0.28195032	0.6077736	1.1508	False
19	25000	1.391	0.6474	395.2823	0.7176	243.4894	0.28154284	0.6128566	1.0508	False
19	25100	2.8469	0.663	333.4512	0.6689	243.4448	0.28143772	0.60947144	0.8889	False
19	25200	2.7775	0.6284	361.5396	0.619	243.4584	0.281513	0.6189377	0.8569	False
19	25300	2.7394	0.6271	402.2369	0.5174	243.6999	0.2812988	0.60987115	0.8527	False
19	25400	2.7403	0.6764	386.9463	0.4927	243.3978	0.28149104	0.607528	0.9346	False
19	25500	2.8645	0.6309	294.2637	0.527	243.4874	0.28102815	0.6096427	0.9239	False
19	25600	2.7501	0.6459	364.006	0.4599	243.4704	0.281482	0.6103624	1.0358	False
19	25700	2.7652	0.6213	338.6072	0.5599	243.5077	0.2812997	0.60129404	1.3815	False
19	25800	2.7543	0.6454	317.9321	0.5518	244.1938	0.28082466	0.60402447	1.0495	False
19	25900	2.7651	0.6191	351.0294	0.7555	243.6098	0.28139672	0.6220175	0.8368	False
19	26000	2.7359	0.6173	357.5175	0.6135	243.297	0.28193498	0.6122271	1.0665	False
19	26100	2.7354	0.6818	359.9366	0.6444	243.3531	0.28176138	0.6075898	1.1792	False
19	26200	2.8308	0.6304	335.1516	0.2988	243.4244	0.2814124	0.61747503	1.0338	False
20	26300	1.0033	0.6513	276.6683	0.6351	243.4544	0.2813055	0.61422896	0.9215	False
20	26400	2.8519	0.7159	358.4733	0.4475	243.7712	0.28124213	0.61944044	1.0904	False
20	26500	2.8285	0.6216	327.4666	0.3649	243.6902	0.28176245	0.6077391	1.173	False
20	26600	2.7397	0.6368	325.2477	0.7415	243.5149	0.28113565	0.6069763	1.0008	False
20	26700	2.7539	0.6199	328.1761	0.6729	243.5432	0.28110647	0.5996587	1.0597	False
20	26800	2.7362	0.6184	319.161	0.3921	243.4626	0.28163078	0.61507654	1.2386	False
20	26900	2.749	0.6355	335.3428	0.4373	243.5601	0.28128418	0.6054834	1.0676	False
20	27000	2.753	0.6201	349.5578	0.5766	243.5126	0.28119385	0.61602116	0.8327	False
20	27100	2.7329	0.6219	340.0035	0.6752	243.4014	0.28125533	0.60751045	1.3339	False
20	27200	2.8134	0.6462	370.0007	0.8433	243.5535	0.28143704	0.605975	1.2813	False
20	27300	2.7562	0.6283	305.3251	0.8197	243.5926	0.28144076	0.6128032	1.343	False
20	27400	2.7406	0.6226	310.2621	0.7226	243.8034	0.2808368	0.5941868	0.88	False
20	27500	2.7442	0.6688	361.976	0.7126	243.4241	0.28122088	0.6084891	1.1151	False
21	27600	0.7105	0.6419	321.7039	0.7238	243.575	0.28111362	0.62223196	0.8198	False
21	27700	2.8346	0.6205	380.868	0.5929	243.4239	0.28155506	0.6047123	1.3641	False
21	27800	2.8531	0.7143	358.0654	0.5537	243.4081	0.2817337	0.61196613	0.8322	False
21	27900	2.8565	0.6395	352.8993	0.4919	243.3751	0.2814266	0.6141732	1.0365	False
21	28000	2.7557	0.6292	354.0433	0.4035	243.4297	0.2817868	0.595232	1.1273	False
21	28100	2.7986	0.6156	322.9384	0.6038	243.3868	0.2815996	0.6019809	1.5201	False
21	28200	2.7338	0.6336	356.782	0.6075	243.8454	0.2813162	0.61449665	0.9204	False
21	28300	2.8733	0.7294	363.6365	0.6695	243.4243	0.2814385	0.61086845	1.013	False
21	28400	2.9305	0.6247	385.9325	0.8758	243.3766	0.2816667	0.61400795	1.1069	False
21	28500	2.7337	0.6343	330.4564	0.665	243.2884	0.28175044	0.6046513	1.126	False
21	28600	2.824	1.0243	326.2292	0.6491	243.7357	0.28098604	0.61588335	1.017	False
21	28700	3.1353	0.6371	332.3174	0.6064	243.5126	0.28144717	0.60822654	0.8539	False
21	28800	2.7514	0.6291	379.4258	0.7826	243.3458	0.28175429	0.6168362	1.0573	False
