Processing given loci.
GC Bin	Background Count	Peak Count	Chosen Count
0.00:        0	       0	       0
0.02:        0	       0	       0
0.04:        1	       0	       0
0.06:        6	       0	       0
0.08:       11	       0	       0
0.10:       14	       0	       0
0.12:       19	       0	       0
0.14:       31	       0	       0
0.16:       43	       0	       0
0.18:       42	       0	       0
0.20:       78	       0	       0
0.22:      134	       0	       0
0.24:      253	       1	       1
0.26:     1386	       3	       3
0.28:     8330	      21	      21
0.30:    31226	     145	     145
0.32:    72772	     514	     514
0.34:   123416	    1194	    1194
0.36:   170086	    2081	    2081
0.38:   199578	    3062	    3062
0.40:   178876	    4040	    4040
0.42:   140794	    4730	    4730
0.44:   112058	    4840	    4840
0.46:    87203	    5016	    5016
0.48:    61652	    4556	    4556
0.50:    42734	    4336	    4336
0.52:    28761	    3867	    3867
0.54:    20547	    3281	    3281
0.56:    14983	    2802	    2802
0.58:    11004	    2384	    2384
0.60:     7453	    1777	    1777
0.62:     4979	    1280	    1280
0.64:     3401	     867	     867
0.66:     1923	     485	     485
0.68:      975	     270	     270
0.70:      441	     123	     123
0.72:      248	      58	      58
0.74:      130	      18	      18
0.76:       46	       4	       4
0.78:       14	       2	       2
0.80:       10	       0	       0
0.82:        0	       0	       0
0.84:        1	       0	       0
0.86:        0	       0	       0
0.88:        0	       0	       0
0.90:        0	       0	       0
0.92:        0	       0	       0
0.94:        0	       0	       0
0.96:        0	       0	       0
0.98:        0	       0	       0
1.00:        0	       0	       0
GC-bin KS test stat:0.0, p-value 1.0
